#
# There is insufficient memory for the Java Runtime Environment to continue.
# Native memory allocation (malloc) failed to allocate 205456 bytes. Error detail: Chunk::new
# Possible reasons:
#   The system is out of physical RAM or swap space
#   This process is running with CompressedOops enabled, and the Java Heap may be blocking the growth of the native heap
# Possible solutions:
#   Reduce memory load on the system
#   Increase physical memory or swap space
#   Check if swap backing store is full
#   Decrease Java heap size (-Xmx/-Xms)
#   Decrease number of Java threads
#   Decrease Java thread stack sizes (-Xss)
#   Set larger code cache with -XX:ReservedCodeCacheSize=
#   JVM is running with Unscaled Compressed Oops mode in which the Java heap is
#     placed in the first 4GB address space. The Java Heap base address is the
#     maximum limit for the native heap growth. Please use -XX:HeapBaseMinAddress
#     to set the Java Heap base and to place the Java Heap above 4GB virtual address.
# This output file may be truncated or incomplete.
#
#  Out of Memory Error (arena.cpp:191), pid=10588, tid=31376
#
# JRE version: OpenJDK Runtime Environment Temurin-17.0.11+9 (17.0.11+9) (build 17.0.11+9)
# Java VM: OpenJDK 64-Bit Server VM Temurin-17.0.11+9 (17.0.11+9, mixed mode, tiered, compressed oops, compressed class ptrs, parallel gc, windows-amd64)
# No core dump will be written. Minidumps are not enabled by default on client versions of Windows
#

---------------  S U M M A R Y ------------

Command Line: --add-modules=ALL-SYSTEM --add-opens=java.base/java.util=ALL-UNNAMED --add-opens=java.base/java.lang=ALL-UNNAMED --add-opens=java.base/sun.nio.fs=ALL-UNNAMED -Declipse.application=org.eclipse.jdt.ls.core.id1 -Dosgi.bundles.defaultStartLevel=4 -Declipse.product=org.eclipse.jdt.ls.core.product -Djava.import.generatesMetadataFilesAtProjectRoot=false -DDetectVMInstallationsJob.disabled=true -Dfile.encoding=utf8 -XX:+UseParallelGC -XX:GCTimeRatio=4 -XX:AdaptiveSizePolicyWeight=90 -Dsun.zip.disableMemoryMapping=true -Xmx1G -Xms100m -Xlog:disable -javaagent:c:\Users\admin\.vscode\extensions\redhat.java-1.31.0-win32-x64\lombok\lombok-1.18.32.jar -XX:+HeapDumpOnOutOfMemoryError -XX:HeapDumpPath=c:\Users\admin\AppData\Roaming\Code\User\workspaceStorage\3c77fcbe42b3dc9c1b7d1d5c90692a4f\redhat.java -Daether.dependencyCollector.impl=bf c:\Users\admin\.vscode\extensions\redhat.java-1.31.0-win32-x64\server\plugins\org.eclipse.equinox.launcher_1.6.800.v20240513-1750.jar -configuration c:\Users\admin\AppData\Roaming\Code\User\globalStorage\redhat.java\1.31.0\config_win -data c:\Users\admin\AppData\Roaming\Code\User\workspaceStorage\3c77fcbe42b3dc9c1b7d1d5c90692a4f\redhat.java\jdt_ws --pipe=\\.\pipe\lsp-a70ffbb75e7d3060c4f7ba15df589592-sock

Host: Intel(R) Core(TM) i5-8250U CPU @ 1.60GHz, 8 cores, 7G,  Windows 11 , 64 bit Build 22621 (10.0.22621.3527)
Time: Sat Jun  8 16:59:31 2024 India Standard Time elapsed time: 3.506246 seconds (0d 0h 0m 3s)

---------------  T H R E A D  ---------------

Current thread (0x000002affaf4d410):  JavaThread "C2 CompilerThread0" daemon [_thread_in_native, id=31376, stack(0x000000e98e100000,0x000000e98e200000)]


Current CompileTask:
C2:   3506 1468 %     4       java.io.WinNTFileSystem::normalize @ 58 (224 bytes)

Stack: [0x000000e98e100000,0x000000e98e200000]
Native frames: (J=compiled Java code, j=interpreted, Vv=VM code, C=native code)
V  [jvm.dll+0x67d429]
V  [jvm.dll+0x834b7a]
V  [jvm.dll+0x83663e]
V  [jvm.dll+0x836ca3]
V  [jvm.dll+0x247dbf]
V  [jvm.dll+0xac534]
V  [jvm.dll+0xacb7c]
V  [jvm.dll+0x3665f2]
V  [jvm.dll+0x330bba]
V  [jvm.dll+0x33005a]
V  [jvm.dll+0x21a471]
V  [jvm.dll+0x2198b1]
V  [jvm.dll+0x1a534d]
V  [jvm.dll+0x2295cd]
V  [jvm.dll+0x22779c]
V  [jvm.dll+0x7e9d07]
V  [jvm.dll+0x7e410a]
V  [jvm.dll+0x67c315]
C  [ucrtbase.dll+0x29333]
C  [KERNEL32.DLL+0x1257d]
C  [ntdll.dll+0x5aa48]


---------------  P R O C E S S  ---------------

Threads class SMR info:
_java_thread_list=0x000002affc6fdc00, length=14, elements={
0x000002afe1faf7c0, 0x000002aff5e31020, 0x000002aff5e32190, 0x000002aff5e3b2a0,
0x000002aff5e3bc70, 0x000002aff5e3cf80, 0x000002aff5e3ea60, 0x000002affaf4d410,
0x000002affaf504d0, 0x000002affaf50de0, 0x000002affb053c80, 0x000002affb28eb10,
0x000002affc7a2a30, 0x000002affcab85c0
}

Java Threads: ( => current thread )
  0x000002afe1faf7c0 JavaThread "main" [_thread_in_Java, id=2504, stack(0x000000e98d800000,0x000000e98d900000)]
  0x000002aff5e31020 JavaThread "Reference Handler" daemon [_thread_blocked, id=29288, stack(0x000000e98db00000,0x000000e98dc00000)]
  0x000002aff5e32190 JavaThread "Finalizer" daemon [_thread_blocked, id=15744, stack(0x000000e98dc00000,0x000000e98dd00000)]
  0x000002aff5e3b2a0 JavaThread "Signal Dispatcher" daemon [_thread_blocked, id=8408, stack(0x000000e98dd00000,0x000000e98de00000)]
  0x000002aff5e3bc70 JavaThread "Attach Listener" daemon [_thread_blocked, id=25100, stack(0x000000e98de00000,0x000000e98df00000)]
  0x000002aff5e3cf80 JavaThread "Service Thread" daemon [_thread_blocked, id=7100, stack(0x000000e98df00000,0x000000e98e000000)]
  0x000002aff5e3ea60 JavaThread "Monitor Deflation Thread" daemon [_thread_blocked, id=31168, stack(0x000000e98e000000,0x000000e98e100000)]
=>0x000002affaf4d410 JavaThread "C2 CompilerThread0" daemon [_thread_in_native, id=31376, stack(0x000000e98e100000,0x000000e98e200000)]
  0x000002affaf504d0 JavaThread "C1 CompilerThread0" daemon [_thread_blocked, id=11532, stack(0x000000e98e200000,0x000000e98e300000)]
  0x000002affaf50de0 JavaThread "Sweeper thread" daemon [_thread_blocked, id=14248, stack(0x000000e98e300000,0x000000e98e400000)]
  0x000002affb053c80 JavaThread "Common-Cleaner" daemon [_thread_blocked, id=12328, stack(0x000000e98e400000,0x000000e98e500000)]
  0x000002affb28eb10 JavaThread "Notification Thread" daemon [_thread_blocked, id=6688, stack(0x000000e98e600000,0x000000e98e700000)]
  0x000002affc7a2a30 JavaThread "C2 CompilerThread1" daemon [_thread_in_native, id=9036, stack(0x000000e98e500000,0x000000e98e600000)]
  0x000002affcab85c0 JavaThread "Active Thread: Equinox Container: c39e428a-380c-415f-8446-7435c96e3c6b" [_thread_blocked, id=4456, stack(0x000000e98ee00000,0x000000e98ef00000)]

Other Threads:
  0x000002affaf214b0 VMThread "VM Thread" [stack: 0x000000e98da00000,0x000000e98db00000] [id=23040]
  0x000002affb251960 WatcherThread [stack: 0x000000e98e700000,0x000000e98e800000] [id=30164]
  0x000002afe1fc4a90 GCTaskThread "GC Thread#0" [stack: 0x000000e98d900000,0x000000e98da00000] [id=10992]
  0x000002affc2e3860 GCTaskThread "GC Thread#1" [stack: 0x000000e98e800000,0x000000e98e900000] [id=27836]
  0x000002affc2e3b20 GCTaskThread "GC Thread#2" [stack: 0x000000e98e900000,0x000000e98ea00000] [id=8704]
  0x000002affc550460 GCTaskThread "GC Thread#3" [stack: 0x000000e98ea00000,0x000000e98eb00000] [id=12980]
  0x000002affc7a7040 GCTaskThread "GC Thread#4" [stack: 0x000000e98eb00000,0x000000e98ec00000] [id=17268]
  0x000002affc7a7300 GCTaskThread "GC Thread#5" [stack: 0x000000e98ec00000,0x000000e98ed00000] [id=8948]
  0x000002affc7a75c0 GCTaskThread "GC Thread#6" [stack: 0x000000e98ed00000,0x000000e98ee00000] [id=31180]

Threads with active compile tasks:
C2 CompilerThread0     3592 1468 %     4       java.io.WinNTFileSystem::normalize @ 58 (224 bytes)
C2 CompilerThread1     3593 1469       4       java.io.WinNTFileSystem::normalize (143 bytes)

VM state: not at safepoint (normal execution)

VM Mutex/Monitor currently owned by a thread: None

Heap address: 0x00000000c0000000, size: 1024 MB, Compressed Oops mode: 32-bit

CDS archive(s) not mapped
Compressed class space mapped at: 0x0000000100000000-0x0000000140000000, reserved size: 1073741824
Narrow klass base: 0x0000000000000000, Narrow klass shift: 3, Narrow klass range: 0x140000000

GC Precious Log:
 CPUs: 8 total, 8 available
 Memory: 8101M
 Large Page Support: Disabled
 NUMA Support: Disabled
 Compressed Oops: Enabled (32-bit)
 Alignments: Space 512K, Generation 512K, Heap 2M
 Heap Min Capacity: 100M
 Heap Initial Capacity: 100M
 Heap Max Capacity: 1G
 Pre-touch: Disabled
 Parallel Workers: 8

Heap:
 PSYoungGen      total 29696K, used 24023K [0x00000000eab00000, 0x00000000ecc00000, 0x0000000100000000)
  eden space 25600K, 81% used [0x00000000eab00000,0x00000000ebf60b68,0x00000000ec400000)
  from space 4096K, 77% used [0x00000000ec400000,0x00000000ec715288,0x00000000ec800000)
  to   space 4096K, 0% used [0x00000000ec800000,0x00000000ec800000,0x00000000ecc00000)
 ParOldGen       total 68608K, used 16K [0x00000000c0000000, 0x00000000c4300000, 0x00000000eab00000)
  object space 68608K, 0% used [0x00000000c0000000,0x00000000c0004000,0x00000000c4300000)
 Metaspace       used 13764K, committed 13952K, reserved 1114112K
  class space    used 1357K, committed 1472K, reserved 1048576K

Card table byte_map: [0x000002afe1940000,0x000002afe1b50000] _byte_map_base: 0x000002afe1340000

Marking Bits: (ParMarkBitMap*) 0x00007fffddf6d820
 Begin Bits: [0x000002aff3c40000, 0x000002aff4c40000)
 End Bits:   [0x000002aff4c40000, 0x000002aff5c40000)

Polling page: 0x000002afdff50000

Metaspace:

Usage:
  Non-class:     12.12 MB used.
      Class:      1.33 MB used.
       Both:     13.44 MB used.

Virtual space:
  Non-class space:       64.00 MB reserved,      12.19 MB ( 19%) committed,  1 nodes.
      Class space:        1.00 GB reserved,       1.44 MB ( <1%) committed,  1 nodes.
             Both:        1.06 GB reserved,      13.62 MB (  1%) committed. 

Chunk freelists:
   Non-Class:  3.34 MB
       Class:  14.48 MB
        Both:  17.83 MB

MaxMetaspaceSize: unlimited
CompressedClassSpaceSize: 1.00 GB
Initial GC threshold: 21.00 MB
Current GC threshold: 21.00 MB
CDS: off
MetaspaceReclaimPolicy: balanced
 - commit_granule_bytes: 65536.
 - commit_granule_words: 8192.
 - virtual_space_node_default_size: 8388608.
 - enlarge_chunks_in_place: 1.
 - new_chunks_are_fully_committed: 0.
 - uncommit_free_chunks: 1.
 - use_allocation_guard: 0.
 - handle_deallocations: 1.


Internal statistics:

num_allocs_failed_limit: 0.
num_arena_births: 54.
num_arena_deaths: 0.
num_vsnodes_births: 2.
num_vsnodes_deaths: 0.
num_space_committed: 218.
num_space_uncommitted: 0.
num_chunks_returned_to_freelist: 0.
num_chunks_taken_from_freelist: 222.
num_chunk_merges: 0.
num_chunk_splits: 146.
num_chunks_enlarged: 119.
num_inconsistent_stats: 0.

CodeHeap 'non-profiled nmethods': size=120000Kb used=616Kb max_used=616Kb free=119383Kb
 bounds [0x000002afec710000, 0x000002afec980000, 0x000002aff3c40000]
CodeHeap 'profiled nmethods': size=120000Kb used=2783Kb max_used=2783Kb free=117216Kb
 bounds [0x000002afe4c40000, 0x000002afe4f00000, 0x000002afec170000]
CodeHeap 'non-nmethods': size=5760Kb used=1157Kb max_used=1177Kb free=4602Kb
 bounds [0x000002afec170000, 0x000002afec3e0000, 0x000002afec710000]
 total_blobs=1932 nmethods=1482 adapters=364
 compilation: enabled
              stopped_count=0, restarted_count=0
 full_count=0

Compilation events (20 events):
Event: 3.474 Thread 0x000002affaf504d0 1470       3       org.eclipse.osgi.framework.util.SecureAction::getProperty (31 bytes)
Event: 3.475 Thread 0x000002affaf504d0 nmethod 1470 0x000002afe4ee3290 code [0x000002afe4ee3520, 0x000002afe4ee3f98]
Event: 3.477 Thread 0x000002affaf504d0 1471       3       java.net.URL::isBuiltinStreamHandler (32 bytes)
Event: 3.480 Thread 0x000002affaf504d0 nmethod 1471 0x000002afe4ee4310 code [0x000002afe4ee4600, 0x000002afe4ee5698]
Event: 3.480 Thread 0x000002affaf504d0 1472       3       java.net.URL::isBuiltinStreamHandler (7 bytes)
Event: 3.481 Thread 0x000002affaf504d0 nmethod 1472 0x000002afe4ee5c90 code [0x000002afe4ee5e40, 0x000002afe4ee6008]
Event: 3.482 Thread 0x000002affaf504d0 1474       3       org.eclipse.osgi.internal.framework.EquinoxConfiguration$ConfigValues::internalGet (24 bytes)
Event: 3.483 Thread 0x000002affaf504d0 nmethod 1474 0x000002afe4ee6110 code [0x000002afe4ee63c0, 0x000002afe4ee6fe8]
Event: 3.486 Thread 0x000002affaf504d0 1475       3       java.io.File::isAbsolute (8 bytes)
Event: 3.486 Thread 0x000002affaf504d0 nmethod 1475 0x000002afe4ee7410 code [0x000002afe4ee75c0, 0x000002afe4ee7728]
Event: 3.486 Thread 0x000002affaf504d0 1476       3       java.io.WinNTFileSystem::isAbsolute (36 bytes)
Event: 3.487 Thread 0x000002affaf504d0 nmethod 1476 0x000002afe4ee7810 code [0x000002afe4ee7a20, 0x000002afe4ee80b8]
Event: 3.487 Thread 0x000002affaf504d0 1477       3       java.lang.StringBuilder::append (10 bytes)
Event: 3.487 Thread 0x000002affaf504d0 nmethod 1477 0x000002afe4ee8390 code [0x000002afe4ee8520, 0x000002afe4ee8668]
Event: 3.489 Thread 0x000002affaf504d0 1478       3       sun.nio.fs.WindowsPathParser::nextNonSlash (24 bytes)
Event: 3.490 Thread 0x000002affaf504d0 nmethod 1478 0x000002afe4ee8710 code [0x000002afe4ee8920, 0x000002afe4ee9078]
Event: 3.498 Thread 0x000002affaf504d0 1479       3       java.util.Collections::emptyIterator (4 bytes)
Event: 3.498 Thread 0x000002affaf504d0 nmethod 1479 0x000002afe4ee9390 code [0x000002afe4ee9520, 0x000002afe4ee9618]
Event: 3.498 Thread 0x000002affaf504d0 1480       3       java.lang.ThreadLocal::get (38 bytes)
Event: 3.499 Thread 0x000002affaf504d0 nmethod 1480 0x000002afe4ee9690 code [0x000002afe4ee9860, 0x000002afe4ee9b98]

GC Heap History (2 events):
Event: 1.920 GC heap before
{Heap before GC invocations=1 (full 0):
 PSYoungGen      total 29696K, used 25600K [0x00000000eab00000, 0x00000000ecc00000, 0x0000000100000000)
  eden space 25600K, 100% used [0x00000000eab00000,0x00000000ec400000,0x00000000ec400000)
  from space 4096K, 0% used [0x00000000ec800000,0x00000000ec800000,0x00000000ecc00000)
  to   space 4096K, 0% used [0x00000000ec400000,0x00000000ec400000,0x00000000ec800000)
 ParOldGen       total 68608K, used 0K [0x00000000c0000000, 0x00000000c4300000, 0x00000000eab00000)
  object space 68608K, 0% used [0x00000000c0000000,0x00000000c0000000,0x00000000c4300000)
 Metaspace       used 10992K, committed 11200K, reserved 1114112K
  class space    used 1098K, committed 1216K, reserved 1048576K
}
Event: 1.935 GC heap after
{Heap after GC invocations=1 (full 0):
 PSYoungGen      total 29696K, used 3156K [0x00000000eab00000, 0x00000000ecc00000, 0x0000000100000000)
  eden space 25600K, 0% used [0x00000000eab00000,0x00000000eab00000,0x00000000ec400000)
  from space 4096K, 77% used [0x00000000ec400000,0x00000000ec715288,0x00000000ec800000)
  to   space 4096K, 0% used [0x00000000ec800000,0x00000000ec800000,0x00000000ecc00000)
 ParOldGen       total 68608K, used 16K [0x00000000c0000000, 0x00000000c4300000, 0x00000000eab00000)
  object space 68608K, 0% used [0x00000000c0000000,0x00000000c0004000,0x00000000c4300000)
 Metaspace       used 10992K, committed 11200K, reserved 1114112K
  class space    used 1098K, committed 1216K, reserved 1048576K
}

Dll operation events (8 events):
Event: 0.020 Loaded shared library c:\Users\admin\.vscode\extensions\redhat.java-1.31.0-win32-x64\jre\17.0.11-win32-x86_64\bin\java.dll
Event: 0.322 Loaded shared library c:\Users\admin\.vscode\extensions\redhat.java-1.31.0-win32-x64\jre\17.0.11-win32-x86_64\bin\zip.dll
Event: 0.328 Loaded shared library C:\Users\admin\.vscode\extensions\redhat.java-1.31.0-win32-x64\jre\17.0.11-win32-x86_64\bin\instrument.dll
Event: 0.353 Loaded shared library C:\Users\admin\.vscode\extensions\redhat.java-1.31.0-win32-x64\jre\17.0.11-win32-x86_64\bin\net.dll
Event: 0.356 Loaded shared library C:\Users\admin\.vscode\extensions\redhat.java-1.31.0-win32-x64\jre\17.0.11-win32-x86_64\bin\nio.dll
Event: 0.368 Loaded shared library C:\Users\admin\.vscode\extensions\redhat.java-1.31.0-win32-x64\jre\17.0.11-win32-x86_64\bin\zip.dll
Event: 0.399 Loaded shared library C:\Users\admin\.vscode\extensions\redhat.java-1.31.0-win32-x64\jre\17.0.11-win32-x86_64\bin\jimage.dll
Event: 0.533 Loaded shared library c:\Users\admin\.vscode\extensions\redhat.java-1.31.0-win32-x64\jre\17.0.11-win32-x86_64\bin\verify.dll

Deoptimization events (20 events):
Event: 2.395 Thread 0x000002afe1faf7c0 DEOPT PACKING pc=0x000002afec74b218 sp=0x000000e98d8f8420
Event: 2.395 Thread 0x000002afe1faf7c0 DEOPT UNPACKING pc=0x000002afec1c66a3 sp=0x000000e98d8f8388 mode 2
Event: 2.395 Thread 0x000002afe1faf7c0 Uncommon trap: trap_request=0xffffff45 fr.pc=0x000002afec766118 relative=0x0000000000000478
Event: 2.395 Thread 0x000002afe1faf7c0 Uncommon trap: reason=unstable_if action=reinterpret pc=0x000002afec766118 method=java.lang.String.<init>([BIILjava/nio/charset/Charset;)V @ 47 c2
Event: 2.395 Thread 0x000002afe1faf7c0 DEOPT PACKING pc=0x000002afec766118 sp=0x000000e98d8f77f0
Event: 2.395 Thread 0x000002afe1faf7c0 DEOPT UNPACKING pc=0x000002afec1c66a3 sp=0x000000e98d8f77a8 mode 2
Event: 2.448 Thread 0x000002afe1faf7c0 DEOPT PACKING pc=0x000002afe4cb2dc5 sp=0x000000e98d8f78c0
Event: 2.448 Thread 0x000002afe1faf7c0 DEOPT UNPACKING pc=0x000002afec1c6e43 sp=0x000000e98d8f6d70 mode 0
Event: 2.510 Thread 0x000002afe1faf7c0 DEOPT PACKING pc=0x000002afe4cb2dc5 sp=0x000000e98d8f3ca0
Event: 2.510 Thread 0x000002afe1faf7c0 DEOPT UNPACKING pc=0x000002afec1c6e43 sp=0x000000e98d8f3150 mode 0
Event: 2.522 Thread 0x000002afe1faf7c0 DEOPT PACKING pc=0x000002afe4cb2dc5 sp=0x000000e98d8f3ca0
Event: 2.522 Thread 0x000002afe1faf7c0 DEOPT UNPACKING pc=0x000002afec1c6e43 sp=0x000000e98d8f3150 mode 0
Event: 3.219 Thread 0x000002afe1faf7c0 Uncommon trap: trap_request=0xffffffde fr.pc=0x000002afec77a120 relative=0x0000000000000960
Event: 3.219 Thread 0x000002afe1faf7c0 Uncommon trap: reason=class_check action=maybe_recompile pc=0x000002afec77a120 method=java.util.HashMap.putVal(ILjava/lang/Object;Ljava/lang/Object;ZZ)Ljava/lang/Object; @ 253 c2
Event: 3.219 Thread 0x000002afe1faf7c0 DEOPT PACKING pc=0x000002afec77a120 sp=0x000000e98d8fdcf0
Event: 3.219 Thread 0x000002afe1faf7c0 DEOPT UNPACKING pc=0x000002afec1c66a3 sp=0x000000e98d8fdc70 mode 2
Event: 3.224 Thread 0x000002afe1faf7c0 Uncommon trap: trap_request=0xffffffde fr.pc=0x000002afec77a120 relative=0x0000000000000960
Event: 3.224 Thread 0x000002afe1faf7c0 Uncommon trap: reason=class_check action=maybe_recompile pc=0x000002afec77a120 method=java.util.HashMap.putVal(ILjava/lang/Object;Ljava/lang/Object;ZZ)Ljava/lang/Object; @ 253 c2
Event: 3.224 Thread 0x000002afe1faf7c0 DEOPT PACKING pc=0x000002afec77a120 sp=0x000000e98d8fdcf0
Event: 3.224 Thread 0x000002afe1faf7c0 DEOPT UNPACKING pc=0x000002afec1c66a3 sp=0x000000e98d8fdc70 mode 2

Classes unloaded (0 events):
No events

Classes redefined (0 events):
No events

Internal exceptions (20 events):
Event: 1.211 Thread 0x000002afe1faf7c0 Exception <a 'java/io/FileNotFoundException'{0x00000000eb887910}> (0x00000000eb887910) 
thrown [s\src\hotspot\share\prims\jni.cpp, line 516]
Event: 1.222 Thread 0x000002afe1faf7c0 Implicit null exception at 0x000002afec734e72 to 0x000002afec7353c0
Event: 1.222 Thread 0x000002afe1faf7c0 Implicit null exception at 0x000002afec735a72 to 0x000002afec735fd4
Event: 1.229 Thread 0x000002afe1faf7c0 Exception <a 'java/io/FileNotFoundException'{0x00000000eb8c21b0}> (0x00000000eb8c21b0) 
thrown [s\src\hotspot\share\prims\jni.cpp, line 516]
Event: 1.702 Thread 0x000002afe1faf7c0 Exception <a 'java/lang/ClassNotFoundException'{0x00000000ec0c8128}: sun/net/www/protocol/c/Handler> (0x00000000ec0c8128) 
thrown [s\src\hotspot\share\classfile\systemDictionary.cpp, line 256]
Event: 1.703 Thread 0x000002afe1faf7c0 Exception <a 'java/lang/ClassNotFoundException'{0x00000000ec0c9498}: sun/net/www/protocol/c/Handler> (0x00000000ec0c9498) 
thrown [s\src\hotspot\share\classfile\systemDictionary.cpp, line 256]
Event: 1.703 Thread 0x000002afe1faf7c0 Exception <a 'java/lang/ClassNotFoundException'{0x00000000ec0ca660}: sun/net/www/protocol/c/Handler> (0x00000000ec0ca660) 
thrown [s\src\hotspot\share\classfile\systemDictionary.cpp, line 256]
Event: 1.723 Thread 0x000002afe1faf7c0 Exception <a 'java/io/FileNotFoundException'{0x00000000ec0f1810}> (0x00000000ec0f1810) 
thrown [s\src\hotspot\share\prims\jni.cpp, line 516]
Event: 1.794 Thread 0x000002afe1faf7c0 Implicit null exception at 0x000002afec76a980 to 0x000002afec76b354
Event: 1.795 Thread 0x000002afe1faf7c0 Implicit null exception at 0x000002afec75efec to 0x000002afec75f1d8
Event: 1.795 Thread 0x000002afe1faf7c0 Implicit null exception at 0x000002afec76226c to 0x000002afec762454
Event: 1.795 Thread 0x000002afe1faf7c0 Implicit null exception at 0x000002afec75638f to 0x000002afec756409
Event: 1.900 Thread 0x000002afe1faf7c0 Exception <a 'java/lang/NoSuchMethodError'{0x00000000ec3c9b38}: 'int java.lang.invoke.DirectMethodHandle$Holder.invokeStaticInit(java.lang.Object, java.lang.Object, java.lang.Object, java.lang.Object)'> (0x00000000ec3c9b38) 
thrown [s\src\hotspot\share\interpreter\linkResolver.cpp, line 759]
Event: 1.904 Thread 0x000002afe1faf7c0 Exception <a 'java/lang/NoSuchMethodError'{0x00000000ec3d41a8}: 'java.lang.Object java.lang.invoke.DirectMethodHandle$Holder.invokeInterface(java.lang.Object, java.lang.Object)'> (0x00000000ec3d41a8) 
thrown [s\src\hotspot\share\interpreter\linkResolver.cpp, line 759]
Event: 1.904 Thread 0x000002afe1faf7c0 Exception <a 'java/lang/IncompatibleClassChangeError'{0x00000000ec3d79a0}: Found class java.lang.Object, but interface was expected> (0x00000000ec3d79a0) 
thrown [s\src\hotspot\share\interpreter\linkResolver.cpp, line 826]
Event: 1.906 Thread 0x000002afe1faf7c0 Exception <a 'java/lang/NoSuchMethodError'{0x00000000ec3dbe90}: 'void java.lang.invoke.DirectMethodHandle$Holder.invokeStatic(java.lang.Object, java.lang.Object)'> (0x00000000ec3dbe90) 
thrown [s\src\hotspot\share\interpreter\linkResolver.cpp, line 759]
Event: 1.907 Thread 0x000002afe1faf7c0 Exception <a 'java/lang/NoSuchMethodError'{0x00000000ec3df690}: 'void java.lang.invoke.DirectMethodHandle$Holder.invokeStaticInit(java.lang.Object, java.lang.Object)'> (0x00000000ec3df690) 
thrown [s\src\hotspot\share\interpreter\linkResolver.cpp, line 759]
Event: 1.910 Thread 0x000002afe1faf7c0 Exception <a 'java/lang/NoSuchMethodError'{0x00000000ec3e6b00}: 'int java.lang.invoke.DirectMethodHandle$Holder.invokeStaticInit(java.lang.Object, java.lang.Object)'> (0x00000000ec3e6b00) 
thrown [s\src\hotspot\share\interpreter\linkResolver.cpp, line 759]
Event: 2.200 Thread 0x000002afe1faf7c0 Exception <a 'java/lang/NoSuchMethodError'{0x00000000eac721c8}: 'void java.lang.invoke.DirectMethodHandle$Holder.invokeSpecial(java.lang.Object, java.lang.Object, java.lang.Object)'> (0x00000000eac721c8) 
thrown [s\src\hotspot\share\interpreter\linkResolver.cpp, line 759]
Event: 3.164 Thread 0x000002afe1faf7c0 Exception <a 'java/lang/NoSuchMethodError'{0x00000000eba176f0}: 'java.lang.Object java.lang.invoke.DirectMethodHandle$Holder.newInvokeSpecial(java.lang.Object, int, java.lang.Object)'> (0x00000000eba176f0) 
thrown [s\src\hotspot\share\interpreter\linkResolver.cpp, line 759]

VM Operations (20 events):
Event: 0.265 Executing VM operation: HandshakeAllThreads
Event: 0.265 Executing VM operation: HandshakeAllThreads done
Event: 1.133 Executing VM operation: HandshakeAllThreads
Event: 1.133 Executing VM operation: HandshakeAllThreads done
Event: 1.133 Executing VM operation: Cleanup
Event: 1.133 Executing VM operation: Cleanup done
Event: 1.177 Executing VM operation: HandshakeAllThreads
Event: 1.177 Executing VM operation: HandshakeAllThreads done
Event: 1.920 Executing VM operation: ParallelGCFailedAllocation
Event: 1.936 Executing VM operation: ParallelGCFailedAllocation done
Event: 2.939 Executing VM operation: Cleanup
Event: 2.939 Executing VM operation: Cleanup done
Event: 3.057 Executing VM operation: HandshakeAllThreads
Event: 3.057 Executing VM operation: HandshakeAllThreads done
Event: 3.058 Executing VM operation: HandshakeAllThreads
Event: 3.058 Executing VM operation: HandshakeAllThreads done
Event: 3.088 Executing VM operation: HandshakeAllThreads
Event: 3.088 Executing VM operation: HandshakeAllThreads done
Event: 3.144 Executing VM operation: HandshakeAllThreads
Event: 3.144 Executing VM operation: HandshakeAllThreads done

Events (20 events):
Event: 3.245 loading class java/net/ContentHandlerFactory
Event: 3.245 loading class java/net/ContentHandlerFactory done
Event: 3.268 loading class java/net/ContentHandler
Event: 3.268 loading class java/net/ContentHandler done
Event: 3.313 loading class javax/xml/parsers/ParserConfigurationException
Event: 3.313 loading class javax/xml/parsers/ParserConfigurationException done
Event: 3.320 loading class java/security/KeyStoreException
Event: 3.320 loading class java/security/KeyStoreException done
Event: 3.387 loading class java/util/LinkedList$Node
Event: 3.387 loading class java/util/LinkedList$Node done
Event: 3.388 loading class java/util/LinkedList$ListItr
Event: 3.388 loading class java/util/LinkedList$ListItr done
Event: 3.417 loading class sun/nio/fs/WindowsChannelFactory
Event: 3.417 loading class sun/nio/fs/WindowsChannelFactory done
Event: 3.417 loading class sun/nio/fs/WindowsChannelFactory$1
Event: 3.417 loading class sun/nio/fs/WindowsChannelFactory$1 done
Event: 3.417 loading class sun/nio/fs/WindowsChannelFactory$Flags
Event: 3.418 loading class sun/nio/fs/WindowsChannelFactory$Flags done
Event: 3.418 loading class sun/nio/ch/FileChannelImpl$Closer
Event: 3.418 loading class sun/nio/ch/FileChannelImpl$Closer done


Dynamic libraries:
0x00007ff6ea540000 - 0x00007ff6ea54e000 	c:\Users\admin\.vscode\extensions\redhat.java-1.31.0-win32-x64\jre\17.0.11-win32-x86_64\bin\java.exe
0x00007ff819ef0000 - 0x00007ff81a107000 	C:\WINDOWS\SYSTEM32\ntdll.dll
0x00007ff818d30000 - 0x00007ff818df4000 	C:\WINDOWS\System32\KERNEL32.DLL
0x00007ff817330000 - 0x00007ff8176d7000 	C:\WINDOWS\System32\KERNELBASE.dll
0x00007ff817210000 - 0x00007ff817321000 	C:\WINDOWS\System32\ucrtbase.dll
0x00007ff815650000 - 0x00007ff815667000 	c:\Users\admin\.vscode\extensions\redhat.java-1.31.0-win32-x64\jre\17.0.11-win32-x86_64\bin\jli.dll
0x00007ff8190f0000 - 0x00007ff81929e000 	C:\WINDOWS\System32\USER32.dll
0x00007ff8177a0000 - 0x00007ff8177c6000 	C:\WINDOWS\System32\win32u.dll
0x00007ff819c50000 - 0x00007ff819c79000 	C:\WINDOWS\System32\GDI32.dll
0x00007ff8177d0000 - 0x00007ff8178e9000 	C:\WINDOWS\System32\gdi32full.dll
0x00007ff817b80000 - 0x00007ff817c1a000 	C:\WINDOWS\System32\msvcp_win.dll
0x00007ff815630000 - 0x00007ff81564b000 	c:\Users\admin\.vscode\extensions\redhat.java-1.31.0-win32-x64\jre\17.0.11-win32-x86_64\bin\VCRUNTIME140.dll
0x00007ff80a6e0000 - 0x00007ff80a973000 	C:\WINDOWS\WinSxS\amd64_microsoft.windows.common-controls_6595b64144ccf1df_6.0.22621.3527_none_270e469b73872a76\COMCTL32.dll
0x00007ff818f10000 - 0x00007ff818fb7000 	C:\WINDOWS\System32\msvcrt.dll
0x00007ff818e00000 - 0x00007ff818e31000 	C:\WINDOWS\System32\IMM32.DLL
0x00007ff815f60000 - 0x00007ff815f6c000 	c:\Users\admin\.vscode\extensions\redhat.java-1.31.0-win32-x64\jre\17.0.11-win32-x86_64\bin\vcruntime140_1.dll
0x00007ff808040000 - 0x00007ff8080cd000 	c:\Users\admin\.vscode\extensions\redhat.java-1.31.0-win32-x64\jre\17.0.11-win32-x86_64\bin\msvcp140.dll
0x00007fffdd3d0000 - 0x00007fffde032000 	c:\Users\admin\.vscode\extensions\redhat.java-1.31.0-win32-x64\jre\17.0.11-win32-x86_64\bin\server\jvm.dll
0x00007ff818e50000 - 0x00007ff818f02000 	C:\WINDOWS\System32\ADVAPI32.dll
0x00007ff818b50000 - 0x00007ff818bf8000 	C:\WINDOWS\System32\sechost.dll
0x00007ff817b50000 - 0x00007ff817b78000 	C:\WINDOWS\System32\bcrypt.dll
0x00007ff818fc0000 - 0x00007ff8190d5000 	C:\WINDOWS\System32\RPCRT4.dll
0x00007ff816f20000 - 0x00007ff816f6d000 	C:\WINDOWS\SYSTEM32\POWRPROF.dll
0x00007ff815d00000 - 0x00007ff815d09000 	C:\WINDOWS\SYSTEM32\WSOCK32.dll
0x00007ff818cb0000 - 0x00007ff818d21000 	C:\WINDOWS\System32\WS2_32.dll
0x00007ff80f130000 - 0x00007ff80f164000 	C:\WINDOWS\SYSTEM32\WINMM.dll
0x00007ff80eb10000 - 0x00007ff80eb1a000 	C:\WINDOWS\SYSTEM32\VERSION.dll
0x00007ff816f00000 - 0x00007ff816f13000 	C:\WINDOWS\SYSTEM32\UMPDC.dll
0x00007ff815320000 - 0x00007ff815338000 	C:\WINDOWS\SYSTEM32\kernel.appcore.dll
0x00007ff813670000 - 0x00007ff81367a000 	c:\Users\admin\.vscode\extensions\redhat.java-1.31.0-win32-x64\jre\17.0.11-win32-x86_64\bin\jimage.dll
0x00007ff816a80000 - 0x00007ff816cb2000 	C:\WINDOWS\SYSTEM32\DBGHELP.DLL
0x00007ff8198c0000 - 0x00007ff819c48000 	C:\WINDOWS\System32\combase.dll
0x00007ff818910000 - 0x00007ff8189e7000 	C:\WINDOWS\System32\OLEAUT32.dll
0x00007ff816970000 - 0x00007ff8169a2000 	C:\WINDOWS\SYSTEM32\dbgcore.DLL
0x00007ff8178f0000 - 0x00007ff817969000 	C:\WINDOWS\System32\bcryptPrimitives.dll
0x00007ff811980000 - 0x00007ff81198e000 	c:\Users\admin\.vscode\extensions\redhat.java-1.31.0-win32-x64\jre\17.0.11-win32-x86_64\bin\instrument.dll
0x00007ff80e970000 - 0x00007ff80e995000 	c:\Users\admin\.vscode\extensions\redhat.java-1.31.0-win32-x64\jre\17.0.11-win32-x86_64\bin\java.dll
0x00007ff810ee0000 - 0x00007ff810ef8000 	c:\Users\admin\.vscode\extensions\redhat.java-1.31.0-win32-x64\jre\17.0.11-win32-x86_64\bin\zip.dll
0x00007ff817c90000 - 0x00007ff8184ec000 	C:\WINDOWS\System32\SHELL32.dll
0x00007ff814240000 - 0x00007ff814b36000 	C:\WINDOWS\SYSTEM32\windows.storage.dll
0x00007ff814100000 - 0x00007ff81423e000 	C:\WINDOWS\SYSTEM32\wintypes.dll
0x00007ff819340000 - 0x00007ff819435000 	C:\WINDOWS\System32\SHCORE.dll
0x00007ff819e50000 - 0x00007ff819eae000 	C:\WINDOWS\System32\shlwapi.dll
0x00007ff817140000 - 0x00007ff817161000 	C:\WINDOWS\SYSTEM32\profapi.dll
0x00007ff815fc0000 - 0x00007ff815fd9000 	C:\Users\admin\.vscode\extensions\redhat.java-1.31.0-win32-x64\jre\17.0.11-win32-x86_64\bin\net.dll
0x00007ff80f3f0000 - 0x00007ff80f526000 	C:\WINDOWS\SYSTEM32\WINHTTP.dll
0x00007ff815880000 - 0x00007ff8158e9000 	C:\WINDOWS\system32\mswsock.dll
0x00007ff815f80000 - 0x00007ff815f96000 	C:\Users\admin\.vscode\extensions\redhat.java-1.31.0-win32-x64\jre\17.0.11-win32-x86_64\bin\nio.dll
0x00007ff815f70000 - 0x00007ff815f80000 	c:\Users\admin\.vscode\extensions\redhat.java-1.31.0-win32-x64\jre\17.0.11-win32-x86_64\bin\verify.dll

dbghelp: loaded successfully - version: 4.0.5 - missing functions: none
symbol engine: initialized successfully - sym options: 0x614 - pdb path: .;c:\Users\admin\.vscode\extensions\redhat.java-1.31.0-win32-x64\jre\17.0.11-win32-x86_64\bin;C:\WINDOWS\SYSTEM32;C:\WINDOWS\WinSxS\amd64_microsoft.windows.common-controls_6595b64144ccf1df_6.0.22621.3527_none_270e469b73872a76;c:\Users\admin\.vscode\extensions\redhat.java-1.31.0-win32-x64\jre\17.0.11-win32-x86_64\bin\server

VM Arguments:
jvm_args: --add-modules=ALL-SYSTEM --add-opens=java.base/java.util=ALL-UNNAMED --add-opens=java.base/java.lang=ALL-UNNAMED --add-opens=java.base/sun.nio.fs=ALL-UNNAMED -Declipse.application=org.eclipse.jdt.ls.core.id1 -Dosgi.bundles.defaultStartLevel=4 -Declipse.product=org.eclipse.jdt.ls.core.product -Djava.import.generatesMetadataFilesAtProjectRoot=false -DDetectVMInstallationsJob.disabled=true -Dfile.encoding=utf8 -XX:+UseParallelGC -XX:GCTimeRatio=4 -XX:AdaptiveSizePolicyWeight=90 -Dsun.zip.disableMemoryMapping=true -Xmx1G -Xms100m -Xlog:disable -javaagent:c:\Users\admin\.vscode\extensions\redhat.java-1.31.0-win32-x64\lombok\lombok-1.18.32.jar -XX:+HeapDumpOnOutOfMemoryError -XX:HeapDumpPath=c:\Users\admin\AppData\Roaming\Code\User\workspaceStorage\3c77fcbe42b3dc9c1b7d1d5c90692a4f\redhat.java -Daether.dependencyCollector.impl=bf 
java_command: c:\Users\admin\.vscode\extensions\redhat.java-1.31.0-win32-x64\server\plugins\org.eclipse.equinox.launcher_1.6.800.v20240513-1750.jar -configuration c:\Users\admin\AppData\Roaming\Code\User\globalStorage\redhat.java\1.31.0\config_win -data c:\Users\admin\AppData\Roaming\Code\User\workspaceStorage\3c77fcbe42b3dc9c1b7d1d5c90692a4f\redhat.java\jdt_ws --pipe=\\.\pipe\lsp-a70ffbb75e7d3060c4f7ba15df589592-sock
java_class_path (initial): c:\Users\admin\.vscode\extensions\redhat.java-1.31.0-win32-x64\server\plugins\org.eclipse.equinox.launcher_1.6.800.v20240513-1750.jar
Launcher Type: SUN_STANDARD

[Global flags]
    uintx AdaptiveSizePolicyWeight                 = 90                                        {product} {command line}
     intx CICompilerCount                          = 4                                         {product} {ergonomic}
    uintx GCTimeRatio                              = 4                                         {product} {command line}
     bool HeapDumpOnOutOfMemoryError               = true                                   {manageable} {command line}
    ccstr HeapDumpPath                             = c:\Users\admin\AppData\Roaming\Code\User\workspaceStorage\3c77fcbe42b3dc9c1b7d1d5c90692a4f\redhat.java         {manageable} {command line}
   size_t InitialHeapSize                          = 104857600                                 {product} {command line}
   size_t MaxHeapSize                              = 1073741824                                {product} {command line}
   size_t MaxNewSize                               = 357564416                                 {product} {ergonomic}
   size_t MinHeapDeltaBytes                        = 524288                                    {product} {ergonomic}
   size_t MinHeapSize                              = 104857600                                 {product} {command line}
   size_t NewSize                                  = 34603008                                  {product} {ergonomic}
    uintx NonNMethodCodeHeapSize                   = 5839372                                {pd product} {ergonomic}
    uintx NonProfiledCodeHeapSize                  = 122909434                              {pd product} {ergonomic}
   size_t OldSize                                  = 70254592                                  {product} {ergonomic}
    uintx ProfiledCodeHeapSize                     = 122909434                              {pd product} {ergonomic}
    uintx ReservedCodeCacheSize                    = 251658240                              {pd product} {ergonomic}
     bool SegmentedCodeCache                       = true                                      {product} {ergonomic}
   size_t SoftMaxHeapSize                          = 1073741824                             {manageable} {ergonomic}
     bool UseCompressedClassPointers               = true                           {product lp64_product} {ergonomic}
     bool UseCompressedOops                        = true                           {product lp64_product} {ergonomic}
     bool UseLargePagesIndividualAllocation        = false                                  {pd product} {ergonomic}
     bool UseParallelGC                            = true                                      {product} {command line}

Logging:
Log output configuration:
 #0: stdout all=off uptime,level,tags
 #1: stderr all=off uptime,level,tags

Environment Variables:
JAVA_HOME=C:\Users\admin\AppData\Local\Programs\Eclipse Adoptium\jdk-17.0.8.101-hotspot\
PATH=C:\WINDOWS\system32;C:\WINDOWS;C:\WINDOWS\System32\Wbem;C:\WINDOWS\System32\WindowsPowerShell\v1.0\;C:\WINDOWS\System32\OpenSSH\;C:\Program Files\nodejs\;C:\Program Files\Git\cmd;C:\Users\admin\AppData\Local\Programs\Eclipse Adoptium\jdk-17.0.8.101-hotspot\bin;C:\Users\admin\AppData\Local\Microsoft\WindowsApps;C:\Users\admin\AppData\Local\Programs\Microsoft VS Code\bin;C:\Users\admin\AppData\Roaming\npm;C:\Users\admin\AppData\Local\GitHubDesktop\bin;
USERNAME=admin
OS=Windows_NT
PROCESSOR_IDENTIFIER=Intel64 Family 6 Model 142 Stepping 10, GenuineIntel
TMP=C:\Users\admin\AppData\Local\Temp
TEMP=C:\Users\admin\AppData\Local\Temp



Periodic native trim disabled


---------------  S Y S T E M  ---------------

OS:
 Windows 11 , 64 bit Build 22621 (10.0.22621.3527)
OS uptime: 3 days 22:49 hours

CPU: total 8 (initial active 8) (4 cores per cpu, 2 threads per core) family 6 model 142 stepping 10 microcode 0xe0, cx8, cmov, fxsr, ht, mmx, 3dnowpref, sse, sse2, sse3, ssse3, sse4.1, sse4.2, popcnt, lzcnt, tsc, tscinvbit, avx, avx2, aes, erms, clmul, bmi1, bmi2, adx, fma, vzeroupper, clflush, clflushopt
Processor Information for all 8 processors :
  Max Mhz: 1800, Current Mhz: 1600, Mhz Limit: 1584

Memory: 4k page, system-wide physical 8101M (401M free)
TotalPageFile size 23196M (AvailPageFile size 1M)
current process WorkingSet (physical memory assigned to process): 83M, peak: 83M
current process commit charge ("private bytes"): 204M, peak: 204M

vm_info: OpenJDK 64-Bit Server VM (17.0.11+9) for windows-amd64 JRE (17.0.11+9), built on Apr 17 2024 06:07:48 by "admin" with MS VC++ 16.10 / 16.11 (VS2019)

END.
